<?xml version="1.0" encoding="UTF-8"?>
<robot generator="Robot 6.1.1 (Python 3.10.12 on win32)" generated="20231212 17:55:39.251" rpa="false" schemaversion="4">
<suite id="s1" name="Datadriven" source="c:\Users\lenovo\Desktop\RobotFrameWork\tests\travels\datadriven.robot">
<test id="s1-t1" name="Verify Login Fails - Blank username And password" line="14">
<kw name="Invalid Login Scenarios">
<arg>${EMPTY}</arg>
<arg>${EMPTY}</arg>
<arg>Epic sadface: Username is required</arg>
<kw name="Open Browser" library="RPA.Browser.Selenium">
<arg>${url}</arg>
<arg>${browser}</arg>
<doc>Opens a new browser instance to the optional ``url``.</doc>
<msg timestamp="20231212 17:55:40.051" level="INFO">Opening browser 'chrome' to base url 'https://www.saucedemo.com'.</msg>
<status status="PASS" starttime="20231212 17:55:40.050" endtime="20231212 17:55:42.337"/>
</kw>
<kw name="Maximize Browser Window" library="RPA.Browser.Selenium">
<doc>Maximizes current browser window.</doc>
<status status="PASS" starttime="20231212 17:55:42.338" endtime="20231212 17:55:42.454"/>
</kw>
<kw name="Sleep" library="BuiltIn">
<arg>3s</arg>
<doc>Pauses the test executed for the given time.</doc>
<msg timestamp="20231212 17:55:45.460" level="INFO">Slept 3 seconds</msg>
<status status="PASS" starttime="20231212 17:55:42.455" endtime="20231212 17:55:45.461"/>
</kw>
<kw name="Input Text" library="RPA.Browser.Selenium">
<arg>${txt_Username}</arg>
<arg>${username}</arg>
<doc>Types the given ``text`` into the text field identified by ``locator``.</doc>
<msg timestamp="20231212 17:55:45.463" level="INFO">Typing text '' into text field 'id:user-name'.</msg>
<status status="PASS" starttime="20231212 17:55:45.462" endtime="20231212 17:55:45.589"/>
</kw>
<kw name="Input Text" library="RPA.Browser.Selenium">
<arg>${txt_Password}</arg>
<arg>${password}</arg>
<doc>Types the given ``text`` into the text field identified by ``locator``.</doc>
<msg timestamp="20231212 17:55:45.590" level="INFO">Typing text '' into text field 'id:password'.</msg>
<status status="PASS" starttime="20231212 17:55:45.589" endtime="20231212 17:55:45.651"/>
</kw>
<kw name="Click Button" library="RPA.Browser.Selenium">
<arg>${loginBtn}</arg>
<doc>Clicks the button identified by ``locator``.</doc>
<msg timestamp="20231212 17:55:45.653" level="INFO">Clicking button 'xpath://input[@id='login-button']'.</msg>
<status status="PASS" starttime="20231212 17:55:45.651" endtime="20231212 17:55:45.713"/>
</kw>
<kw name="Sleep" library="BuiltIn">
<arg>3s</arg>
<doc>Pauses the test executed for the given time.</doc>
<msg timestamp="20231212 17:55:48.725" level="INFO">Slept 3 seconds</msg>
<status status="PASS" starttime="20231212 17:55:45.714" endtime="20231212 17:55:48.726"/>
</kw>
<kw name="Element Should Contain" library="RPA.Browser.Selenium">
<arg>${txt_error}</arg>
<arg>${error_msg}</arg>
<doc>Verifies that element ``locator`` contains text ``expected``.</doc>
<msg timestamp="20231212 17:55:48.768" level="INFO">Element 'xpath://h3[@data-test='error']' contains text 'Epic sadface: Username is required'.</msg>
<status status="PASS" starttime="20231212 17:55:48.726" endtime="20231212 17:55:48.768"/>
</kw>
<status status="PASS" starttime="20231212 17:55:40.047" endtime="20231212 17:55:48.768"/>
</kw>
<status status="PASS" starttime="20231212 17:55:40.046" endtime="20231212 17:55:48.770"/>
</test>
<test id="s1-t2" name="Verifies Login Fails - Wrong Username" line="15">
<kw name="Invalid Login Scenarios">
<arg>standard_us</arg>
<arg>secret_sauce</arg>
<arg>Epic sadface: Username and password do not match any user in this service</arg>
<kw name="Open Browser" library="RPA.Browser.Selenium">
<arg>${url}</arg>
<arg>${browser}</arg>
<doc>Opens a new browser instance to the optional ``url``.</doc>
<msg timestamp="20231212 17:55:48.777" level="INFO">Opening browser 'chrome' to base url 'https://www.saucedemo.com'.</msg>
<status status="PASS" starttime="20231212 17:55:48.776" endtime="20231212 17:55:50.810"/>
</kw>
<kw name="Maximize Browser Window" library="RPA.Browser.Selenium">
<doc>Maximizes current browser window.</doc>
<status status="PASS" starttime="20231212 17:55:50.811" endtime="20231212 17:55:50.937"/>
</kw>
<kw name="Sleep" library="BuiltIn">
<arg>3s</arg>
<doc>Pauses the test executed for the given time.</doc>
<msg timestamp="20231212 17:55:53.949" level="INFO">Slept 3 seconds</msg>
<status status="PASS" starttime="20231212 17:55:50.937" endtime="20231212 17:55:53.950"/>
</kw>
<kw name="Input Text" library="RPA.Browser.Selenium">
<arg>${txt_Username}</arg>
<arg>${username}</arg>
<doc>Types the given ``text`` into the text field identified by ``locator``.</doc>
<msg timestamp="20231212 17:55:53.954" level="INFO">Typing text 'standard_us' into text field 'id:user-name'.</msg>
<status status="PASS" starttime="20231212 17:55:53.951" endtime="20231212 17:55:54.114"/>
</kw>
<kw name="Input Text" library="RPA.Browser.Selenium">
<arg>${txt_Password}</arg>
<arg>${password}</arg>
<doc>Types the given ``text`` into the text field identified by ``locator``.</doc>
<msg timestamp="20231212 17:55:54.117" level="INFO">Typing text 'secret_sauce' into text field 'id:password'.</msg>
<status status="PASS" starttime="20231212 17:55:54.115" endtime="20231212 17:55:54.194"/>
</kw>
<kw name="Click Button" library="RPA.Browser.Selenium">
<arg>${loginBtn}</arg>
<doc>Clicks the button identified by ``locator``.</doc>
<msg timestamp="20231212 17:55:54.196" level="INFO">Clicking button 'xpath://input[@id='login-button']'.</msg>
<status status="PASS" starttime="20231212 17:55:54.195" endtime="20231212 17:55:54.248"/>
</kw>
<kw name="Sleep" library="BuiltIn">
<arg>3s</arg>
<doc>Pauses the test executed for the given time.</doc>
<msg timestamp="20231212 17:55:57.265" level="INFO">Slept 3 seconds</msg>
<status status="PASS" starttime="20231212 17:55:54.249" endtime="20231212 17:55:57.266"/>
</kw>
<kw name="Element Should Contain" library="RPA.Browser.Selenium">
<arg>${txt_error}</arg>
<arg>${error_msg}</arg>
<doc>Verifies that element ``locator`` contains text ``expected``.</doc>
<msg timestamp="20231212 17:55:57.294" level="INFO">Element 'xpath://h3[@data-test='error']' contains text 'Epic sadface: Username and password do not match any user in this service'.</msg>
<status status="PASS" starttime="20231212 17:55:57.266" endtime="20231212 17:55:57.294"/>
</kw>
<status status="PASS" starttime="20231212 17:55:48.774" endtime="20231212 17:55:57.295"/>
</kw>
<status status="PASS" starttime="20231212 17:55:48.772" endtime="20231212 17:55:57.295"/>
</test>
<test id="s1-t3" name="Verifies Login Fails - LockedOut User" line="16">
<kw name="Invalid Login Scenarios">
<arg>locked_out_user</arg>
<arg>secret_sauce</arg>
<arg>Epic sadface: Sorry, this user has been locked out.</arg>
<kw name="Open Browser" library="RPA.Browser.Selenium">
<arg>${url}</arg>
<arg>${browser}</arg>
<doc>Opens a new browser instance to the optional ``url``.</doc>
<msg timestamp="20231212 17:55:57.301" level="INFO">Opening browser 'chrome' to base url 'https://www.saucedemo.com'.</msg>
<status status="PASS" starttime="20231212 17:55:57.299" endtime="20231212 17:55:59.288"/>
</kw>
<kw name="Maximize Browser Window" library="RPA.Browser.Selenium">
<doc>Maximizes current browser window.</doc>
<status status="PASS" starttime="20231212 17:55:59.289" endtime="20231212 17:55:59.402"/>
</kw>
<kw name="Sleep" library="BuiltIn">
<arg>3s</arg>
<doc>Pauses the test executed for the given time.</doc>
<msg timestamp="20231212 17:56:02.404" level="INFO">Slept 3 seconds</msg>
<status status="PASS" starttime="20231212 17:55:59.403" endtime="20231212 17:56:02.404"/>
</kw>
<kw name="Input Text" library="RPA.Browser.Selenium">
<arg>${txt_Username}</arg>
<arg>${username}</arg>
<doc>Types the given ``text`` into the text field identified by ``locator``.</doc>
<msg timestamp="20231212 17:56:02.407" level="INFO">Typing text 'locked_out_user' into text field 'id:user-name'.</msg>
<status status="PASS" starttime="20231212 17:56:02.406" endtime="20231212 17:56:02.577"/>
</kw>
<kw name="Input Text" library="RPA.Browser.Selenium">
<arg>${txt_Password}</arg>
<arg>${password}</arg>
<doc>Types the given ``text`` into the text field identified by ``locator``.</doc>
<msg timestamp="20231212 17:56:02.577" level="INFO">Typing text 'secret_sauce' into text field 'id:password'.</msg>
<status status="PASS" starttime="20231212 17:56:02.577" endtime="20231212 17:56:02.653"/>
</kw>
<kw name="Click Button" library="RPA.Browser.Selenium">
<arg>${loginBtn}</arg>
<doc>Clicks the button identified by ``locator``.</doc>
<msg timestamp="20231212 17:56:02.653" level="INFO">Clicking button 'xpath://input[@id='login-button']'.</msg>
<status status="PASS" starttime="20231212 17:56:02.653" endtime="20231212 17:56:02.711"/>
</kw>
<kw name="Sleep" library="BuiltIn">
<arg>3s</arg>
<doc>Pauses the test executed for the given time.</doc>
<msg timestamp="20231212 17:56:05.712" level="INFO">Slept 3 seconds</msg>
<status status="PASS" starttime="20231212 17:56:02.711" endtime="20231212 17:56:05.712"/>
</kw>
<kw name="Element Should Contain" library="RPA.Browser.Selenium">
<arg>${txt_error}</arg>
<arg>${error_msg}</arg>
<doc>Verifies that element ``locator`` contains text ``expected``.</doc>
<msg timestamp="20231212 17:56:05.740" level="INFO">Element 'xpath://h3[@data-test='error']' contains text 'Epic sadface: Sorry, this user has been locked out.'.</msg>
<status status="PASS" starttime="20231212 17:56:05.712" endtime="20231212 17:56:05.740"/>
</kw>
<status status="PASS" starttime="20231212 17:55:57.298" endtime="20231212 17:56:05.740"/>
</kw>
<status status="PASS" starttime="20231212 17:55:57.296" endtime="20231212 17:56:05.740"/>
</test>
<status status="PASS" starttime="20231212 17:55:39.258" endtime="20231212 17:56:05.743"/>
</suite>
<statistics>
<total>
<stat pass="3" fail="0" skip="0">All Tests</stat>
</total>
<tag>
</tag>
<suite>
<stat pass="3" fail="0" skip="0" id="s1" name="Datadriven">Datadriven</stat>
</suite>
</statistics>
<errors>
</errors>
</robot>
